Rendering to 1150x1150 image
Loaded scene with 10 circles
Loaded scene with 10 circles
---------------------------------------------------------
Initializing CUDA for CudaRenderer
Found 1 CUDA devices
Device 0: NVIDIA GeForce RTX 2080
   SMs:        46
   Global mem: 7959 MB
   CUDA Cap:   7.5
---------------------------------------------------------

Running benchmark, 1 frames, beginning at frame 0 ...
Copying image data from device
Mismatch detected at pixel [210][0], value = 0.500000, expected 1.000000 for color Red
Mismatch detected at pixel [210][0], value = 0.500000, expected 1.000000 for color Blue
Mismatch detected at pixel [210][1], value = 0.500000, expected 1.000000 for color Red
Mismatch detected at pixel [210][1], value = 0.500000, expected 1.000000 for color Blue
Mismatch detected at pixel [211][0], value = 0.500000, expected 1.000000 for color Red
Mismatch detected at pixel [211][0], value = 0.500000, expected 1.000000 for color Blue
ERROR : Mismatch detected between reference and actual
