Rendering to 1150x1150 image
Loaded scene with 100000 circles
Loaded scene with 100000 circles
---------------------------------------------------------
Initializing CUDA for CudaRenderer
Found 1 CUDA devices
Device 0: NVIDIA GeForce RTX 2080
   SMs:        46
   Global mem: 7959 MB
   CUDA Cap:   7.5
---------------------------------------------------------

Running benchmark, 1 frames, beginning at frame 0 ...
Copying image data from device
Mismatch detected at pixel [33][0], value = 0.625055, expected 0.894497 for color Red
Mismatch detected at pixel [33][0], value = 0.453399, expected 0.307876 for color Green
Mismatch detected at pixel [33][1], value = 0.625055, expected 0.895054 for color Red
Mismatch detected at pixel [33][1], value = 0.453399, expected 0.308656 for color Green
Mismatch detected at pixel [34][0], value = 0.625055, expected 0.894486 for color Red
Mismatch detected at pixel [34][0], value = 0.453399, expected 0.307859 for color Green
ERROR : Mismatch detected between reference and actual
