Rendering to 1150x1150 image
Loaded scene with 1217 circles
Loaded scene with 1217 circles
---------------------------------------------------------
Initializing CUDA for CudaRenderer
Found 1 CUDA devices
Device 0: NVIDIA GeForce RTX 2080
   SMs:        46
   Global mem: 7959 MB
   CUDA Cap:   7.5
---------------------------------------------------------

Running benchmark, 1 frames, beginning at frame 0 ...
Copying image data from device
Mismatch detected at pixel [1][0], value = 0.250000, expected 0.500000 for color Blue
Mismatch detected at pixel [1][1], value = 0.250000, expected 0.500000 for color Blue
Mismatch detected at pixel [28][1], value = 1.000000, expected 0.750000 for color Green
Mismatch detected at pixel [28][1], value = 0.500000, expected 0.250000 for color Blue
Mismatch detected at pixel [33][0], value = 0.875000, expected 0.750000 for color Green
Mismatch detected at pixel [33][0], value = 0.125000, expected 0.250000 for color Blue
ERROR : Mismatch detected between reference and actual
