Rendering to 1150x1150 image
Loaded scene with 10000 circles
Loaded scene with 10000 circles
---------------------------------------------------------
Initializing CUDA for CudaRenderer
Found 1 CUDA devices
Device 0: NVIDIA GeForce RTX 2080
   SMs:        46
   Global mem: 7959 MB
   CUDA Cap:   7.5
---------------------------------------------------------

Running benchmark, 1 frames, beginning at frame 0 ...
Copying image data from device
Mismatch detected at pixel [1][0], value = 0.805895, expected 0.682798 for color Blue
Mismatch detected at pixel [1][1], value = 0.805895, expected 0.682798 for color Blue
Mismatch detected at pixel [2][0], value = 0.815486, expected 0.682798 for color Blue
Mismatch detected at pixel [2][1], value = 0.815486, expected 0.682798 for color Blue
Mismatch detected at pixel [3][0], value = 0.815486, expected 0.682798 for color Blue
Mismatch detected at pixel [3][1], value = 0.815519, expected 0.682931 for color Blue
ERROR : Mismatch detected between reference and actual
