Rendering to 1150x1150 image
Loaded scene with 25 circles
Loaded scene with 25 circles
---------------------------------------------------------
Initializing CUDA for CudaRenderer
Found 1 CUDA devices
Device 0: NVIDIA GeForce RTX 2080
   SMs:        46
   Global mem: 7959 MB
   CUDA Cap:   7.5
---------------------------------------------------------

Running benchmark, 1 frames, beginning at frame 0 ...
Copying image data from device
Mismatch detected at pixel [463][0], value = 0.578228, expected 0.718819 for color Red
Mismatch detected at pixel [464][0], value = 0.578228, expected 0.718819 for color Red
Mismatch detected at pixel [465][0], value = 0.578228, expected 0.718819 for color Red
Mismatch detected at pixel [466][0], value = 0.578228, expected 0.718819 for color Red
Mismatch detected at pixel [467][0], value = 0.578228, expected 0.718819 for color Red
Mismatch detected at pixel [468][0], value = 0.578228, expected 0.718819 for color Red
ERROR : Mismatch detected between reference and actual
