Rendering to 1150x1150 image
Loaded scene with 315 circles
Loaded scene with 315 circles
---------------------------------------------------------
Initializing CUDA for CudaRenderer
Found 1 CUDA devices
Device 0: NVIDIA GeForce RTX 2080
   SMs:        46
   Global mem: 7959 MB
   CUDA Cap:   7.5
---------------------------------------------------------

Running benchmark, 1 frames, beginning at frame 0 ...
Copying image data from device
Mismatch detected at pixel [231][0], value = 0.250000, expected 1.000000 for color Red
Mismatch detected at pixel [231][0], value = 0.250000, expected 1.000000 for color Green
Mismatch detected at pixel [231][1], value = 0.250000, expected 1.000000 for color Red
Mismatch detected at pixel [231][1], value = 0.250000, expected 1.000000 for color Green
Mismatch detected at pixel [232][0], value = 0.125000, expected 1.000000 for color Red
Mismatch detected at pixel [232][0], value = 0.125000, expected 1.000000 for color Green
ERROR : Mismatch detected between reference and actual
